<?xml version="1.0" encoding="UTF-8"?>
<!-- Generated by org.testng.reporters.JUnitReportReporter -->
<testsuite skipped="0" hostname="Smi-Dell" name="statusCheck.checkScript" tests="1" failures="0" timestamp="01 Nov 2018 19:01:51 GMT" time="17.501" errors="0">
  <testcase name="checkDate" time="17.501" classname="statusCheck.checkScript"/>
</testsuite> <!-- statusCheck.checkScript -->
